time="2026-01-17T22:12:56+03:00" level=info msg="ArgoCD API Server is starting" built="2026-01-14T16:13:04Z" commit=c56f4400f22c7e9fe9c5c12b85576b74369fb6b8 namespace=argocd port=8080 version=v3.2.5+c56f440
time="2026-01-17T22:12:56+03:00" level=info msg="Starting configmap/secret informers"
time="2026-01-17T22:12:56+03:00" level=info msg="Configmap/secret informer synced"
time="2026-01-17T22:12:56+03:00" level=info msg="Loading TLS configuration from secret argocd/argocd-secret"
time="2026-01-17T22:12:56+03:00" level=warning msg="config referenced '$argocd-secret-sso:oidc.keycloak.clientSecret', but key does not exist in secret"
time="2026-01-17T22:12:56+03:00" level=info msg="invalidated cache for resource in namespace: argocd with the name: argocd-notifications-secret"
time="2026-01-17T22:12:56+03:00" level=info msg="invalidated cache for resource in namespace: argocd with the name: argocd-notifications-cm"
time="2026-01-17T22:12:56+03:00" level=warning msg="config referenced '$argocd-secret-sso:oidc.keycloak.clientSecret', but key does not exist in secret"
time="2026-01-17T22:12:57+03:00" level=warning msg="config referenced '$argocd-secret-sso:oidc.keycloak.clientSecret', but key does not exist in secret"
time="2026-01-17T22:12:57+03:00" level=warning msg="config referenced '$argocd-secret-sso:oidc.keycloak.clientSecret', but key does not exist in secret"
time="2026-01-17T22:12:57+03:00" level=warning msg="config referenced '$argocd-secret-sso:oidc.keycloak.clientSecret', but key does not exist in secret"
time="2026-01-17T22:12:57+03:00" level=warning msg="config referenced '$argocd-secret-sso:oidc.keycloak.clientSecret', but key does not exist in secret"
time="2026-01-17T22:12:57+03:00" level=warning msg="config referenced '$argocd-secret-sso:oidc.keycloak.clientSecret', but key does not exist in secret"
time="2026-01-17T22:12:57+03:00" level=info msg="Creating client app (argocd)"
time="2026-01-17T22:12:57+03:00" level=warning msg="config referenced '$argocd-secret-sso:oidc.keycloak.clientSecret', but key does not exist in secret"
time="2026-01-17T22:12:57+03:00" level=warning msg="config referenced '$argocd-secret-sso:oidc.keycloak.clientSecret', but key does not exist in secret"
time="2026-01-17T22:12:57+03:00" level=warning msg="config referenced '$argocd-secret-sso:oidc.keycloak.clientSecret', but key does not exist in secret"
time="2026-01-17T22:12:57+03:00" level=warning msg="config referenced '$argocd-secret-sso:oidc.keycloak.clientSecret', but key does not exist in secret"
time="2026-01-17T22:12:57+03:00" level=info msg="argocd v3.2.5+c56f440 serving on port 8080 (url: http://localhost:9090, tls: true, namespace: argocd, sso: true)"
time="2026-01-17T22:12:57+03:00" level=info msg="Enabled application namespace patterns: argocd"
time="2026-01-17T22:12:57+03:00" level=info msg="0xc00036a000 subscribed to settings updates"
time="2026-01-17T22:12:57+03:00" level=warning msg="config referenced '$argocd-secret-sso:oidc.keycloak.clientSecret', but key does not exist in secret"
time="2026-01-17T22:12:57+03:00" level=info msg="Starting rbac config informer"
time="2026-01-17T22:12:57+03:00" level=info msg="RBAC ConfigMap 'argocd-rbac-cm' added"
